10-Mar-2025 20:22:07.380 INFO [main] org.apache.catalina.startup.VersionLoggerListener.log Server version name:   Apache Tomcat/9.0.102
10-Mar-2025 20:22:07.384 INFO [main] org.apache.catalina.startup.VersionLoggerListener.log Server built:          Mar 3 2025 19:33:14 UTC
10-Mar-2025 20:22:07.384 INFO [main] org.apache.catalina.startup.VersionLoggerListener.log Server version number: 9.0.102.0
10-Mar-2025 20:22:07.385 INFO [main] org.apache.catalina.startup.VersionLoggerListener.log OS Name:               Windows 10
10-Mar-2025 20:22:07.385 INFO [main] org.apache.catalina.startup.VersionLoggerListener.log OS Version:            10.0
10-Mar-2025 20:22:07.385 INFO [main] org.apache.catalina.startup.VersionLoggerListener.log Architecture:          amd64
10-Mar-2025 20:22:07.385 INFO [main] org.apache.catalina.startup.VersionLoggerListener.log Java Home:             C:\Program Files\Java\jdk-17
10-Mar-2025 20:22:07.385 INFO [main] org.apache.catalina.startup.VersionLoggerListener.log JVM Version:           17.0.13+10-LTS-268
10-Mar-2025 20:22:07.385 INFO [main] org.apache.catalina.startup.VersionLoggerListener.log JVM Vendor:            Oracle Corporation
10-Mar-2025 20:22:07.386 INFO [main] org.apache.catalina.startup.VersionLoggerListener.log CATALINA_BASE:         C:\Users\Nicholas\Documents\GitHub\Tarefas-ebac-Nicholas\Mod-39\apache-tomcat-9.0.102
10-Mar-2025 20:22:07.386 INFO [main] org.apache.catalina.startup.VersionLoggerListener.log CATALINA_HOME:         C:\Users\Nicholas\Documents\GitHub\Tarefas-ebac-Nicholas\Mod-39\apache-tomcat-9.0.102
10-Mar-2025 20:22:07.394 INFO [main] org.apache.catalina.startup.VersionLoggerListener.log Command line argument: --add-opens=java.base/java.lang=ALL-UNNAMED
10-Mar-2025 20:22:07.395 INFO [main] org.apache.catalina.startup.VersionLoggerListener.log Command line argument: --add-opens=java.base/java.lang.invoke=ALL-UNNAMED
10-Mar-2025 20:22:07.395 INFO [main] org.apache.catalina.startup.VersionLoggerListener.log Command line argument: --add-opens=java.base/java.lang.reflect=ALL-UNNAMED
10-Mar-2025 20:22:07.395 INFO [main] org.apache.catalina.startup.VersionLoggerListener.log Command line argument: --add-opens=java.base/java.io=ALL-UNNAMED
10-Mar-2025 20:22:07.395 INFO [main] org.apache.catalina.startup.VersionLoggerListener.log Command line argument: --add-opens=java.base/java.util=ALL-UNNAMED
10-Mar-2025 20:22:07.396 INFO [main] org.apache.catalina.startup.VersionLoggerListener.log Command line argument: --add-opens=java.base/java.util.concurrent=ALL-UNNAMED
10-Mar-2025 20:22:07.396 INFO [main] org.apache.catalina.startup.VersionLoggerListener.log Command line argument: --add-opens=java.rmi/sun.rmi.transport=ALL-UNNAMED
10-Mar-2025 20:22:07.396 INFO [main] org.apache.catalina.startup.VersionLoggerListener.log Command line argument: -Djava.util.logging.config.file=C:\Users\Nicholas\Documents\GitHub\Tarefas-ebac-Nicholas\Mod-39\apache-tomcat-9.0.102\conf\logging.properties
10-Mar-2025 20:22:07.397 INFO [main] org.apache.catalina.startup.VersionLoggerListener.log Command line argument: -Djava.util.logging.manager=org.apache.juli.ClassLoaderLogManager
10-Mar-2025 20:22:07.397 INFO [main] org.apache.catalina.startup.VersionLoggerListener.log Command line argument: -Djdk.tls.ephemeralDHKeySize=2048
10-Mar-2025 20:22:07.397 INFO [main] org.apache.catalina.startup.VersionLoggerListener.log Command line argument: -Djava.protocol.handler.pkgs=org.apache.catalina.webresources
10-Mar-2025 20:22:07.397 INFO [main] org.apache.catalina.startup.VersionLoggerListener.log Command line argument: -Dsun.io.useCanonCaches=false
10-Mar-2025 20:22:07.398 INFO [main] org.apache.catalina.startup.VersionLoggerListener.log Command line argument: -Dignore.endorsed.dirs=
10-Mar-2025 20:22:07.398 INFO [main] org.apache.catalina.startup.VersionLoggerListener.log Command line argument: -Dcatalina.base=C:\Users\Nicholas\Documents\GitHub\Tarefas-ebac-Nicholas\Mod-39\apache-tomcat-9.0.102
10-Mar-2025 20:22:07.398 INFO [main] org.apache.catalina.startup.VersionLoggerListener.log Command line argument: -Dcatalina.home=C:\Users\Nicholas\Documents\GitHub\Tarefas-ebac-Nicholas\Mod-39\apache-tomcat-9.0.102
10-Mar-2025 20:22:07.399 INFO [main] org.apache.catalina.startup.VersionLoggerListener.log Command line argument: -Djava.io.tmpdir=C:\Users\Nicholas\Documents\GitHub\Tarefas-ebac-Nicholas\Mod-39\apache-tomcat-9.0.102\temp
10-Mar-2025 20:22:07.413 INFO [main] org.apache.catalina.core.AprLifecycleListener.lifecycleEvent The Apache Tomcat Native library which allows using OpenSSL was not found on the java.library.path: [C:\Program Files\Java\jdk-17\bin;C:\Windows\Sun\Java\bin;C:\Windows\system32;C:\Windows;C:\Program Files\Common Files\Oracle\Java\javapath;C:\Program Files (x86)\Common Files\Oracle\Java\java8path;C:\Program Files (x86)\Common Files\Oracle\Java\javapath;C:\Python312\Scripts\;C:\Python312\;C:\Windows\system32;C:\Windows;C:\Windows\System32\Wbem;C:\Windows\System32\WindowsPowerShell\v1.0\;C:\Windows\System32\OpenSSH\;C:\Program Files\nodejs\;C:\ProgramData\chocolatey\bin;C:\Program Files\Git\cmd;C:\Users\Nicholas\AppData\Roaming\Python\Python312\Scripts;C:\Python312\Lib;C:\Program Files\Microsoft SQL Server\150\Tools\Binn\;C:\Program Files\Microsoft SQL Server\Client SDK\ODBC\170\Tools\Binn\;C:\Program Files\dotnet\;C:\Program Files (x86)\Windows Kits\10\Windows Performance Toolkit\;C:\Program Files\7-Zip;C:\Program Files (x86)\NVIDIA Corporation\PhysX\Common;C:\Program Files\Java\jdk-23\bin;C:\Program Files\Java\jdk-21\bin;C:\Program Files\Docker\Docker\resources\bin;C:\apache-maven-3.9.9\bin;C:\Program Files\Java\jdk-15\bin;C:\Program Files\Java\jdk-17\bin;C:\Users\Nicholas\AppData\Local\Microsoft\WindowsApps;C:\Users\Nicholas\AppData\Roaming\npm;C:\Users\Nicholas\AppData\Local\GitHubDesktop\bin;C:\Users\Nicholas\AppData\Local\Programs\Microsoft VS Code\bin;C:\Users\Nicholas\.dotnet\tools;C:\Program Files\heroku\bin;.]
10-Mar-2025 20:22:07.646 INFO [main] org.apache.coyote.AbstractProtocol.init Initializing ProtocolHandler ["http-nio-8080"]
10-Mar-2025 20:22:07.664 INFO [main] org.apache.catalina.startup.Catalina.load Server initialization in [471] milliseconds
10-Mar-2025 20:22:07.701 INFO [main] org.apache.catalina.core.StandardService.startInternal Starting service [Catalina]
10-Mar-2025 20:22:07.702 INFO [main] org.apache.catalina.core.StandardEngine.startInternal Starting Servlet engine: [Apache Tomcat/9.0.102]
10-Mar-2025 20:22:07.710 INFO [main] org.apache.catalina.startup.HostConfig.deployDirectory Diretório de instalação da aplicação web [C:\Users\Nicholas\Documents\GitHub\Tarefas-ebac-Nicholas\Mod-39\apache-tomcat-9.0.102\webapps\docs]
10-Mar-2025 20:22:07.991 INFO [main] org.apache.catalina.startup.HostConfig.deployDirectory Deployment of web application directory [C:\Users\Nicholas\Documents\GitHub\Tarefas-ebac-Nicholas\Mod-39\apache-tomcat-9.0.102\webapps\docs] has finished in [279] ms
10-Mar-2025 20:22:07.991 INFO [main] org.apache.catalina.startup.HostConfig.deployDirectory Diretório de instalação da aplicação web [C:\Users\Nicholas\Documents\GitHub\Tarefas-ebac-Nicholas\Mod-39\apache-tomcat-9.0.102\webapps\examples]
10-Mar-2025 20:22:08.505 INFO [main] org.apache.catalina.startup.HostConfig.deployDirectory Deployment of web application directory [C:\Users\Nicholas\Documents\GitHub\Tarefas-ebac-Nicholas\Mod-39\apache-tomcat-9.0.102\webapps\examples] has finished in [514] ms
10-Mar-2025 20:22:08.506 INFO [main] org.apache.catalina.startup.HostConfig.deployDirectory Diretório de instalação da aplicação web [C:\Users\Nicholas\Documents\GitHub\Tarefas-ebac-Nicholas\Mod-39\apache-tomcat-9.0.102\webapps\host-manager]
10-Mar-2025 20:22:08.554 INFO [main] org.apache.catalina.startup.HostConfig.deployDirectory Deployment of web application directory [C:\Users\Nicholas\Documents\GitHub\Tarefas-ebac-Nicholas\Mod-39\apache-tomcat-9.0.102\webapps\host-manager] has finished in [48] ms
10-Mar-2025 20:22:08.555 INFO [main] org.apache.catalina.startup.HostConfig.deployDirectory Diretório de instalação da aplicação web [C:\Users\Nicholas\Documents\GitHub\Tarefas-ebac-Nicholas\Mod-39\apache-tomcat-9.0.102\webapps\manager]
10-Mar-2025 20:22:08.599 INFO [main] org.apache.catalina.startup.HostConfig.deployDirectory Deployment of web application directory [C:\Users\Nicholas\Documents\GitHub\Tarefas-ebac-Nicholas\Mod-39\apache-tomcat-9.0.102\webapps\manager] has finished in [45] ms
10-Mar-2025 20:22:08.599 INFO [main] org.apache.catalina.startup.HostConfig.deployDirectory Diretório de instalação da aplicação web [C:\Users\Nicholas\Documents\GitHub\Tarefas-ebac-Nicholas\Mod-39\apache-tomcat-9.0.102\webapps\ROOT]
10-Mar-2025 20:22:08.630 INFO [main] org.apache.catalina.startup.HostConfig.deployDirectory Deployment of web application directory [C:\Users\Nicholas\Documents\GitHub\Tarefas-ebac-Nicholas\Mod-39\apache-tomcat-9.0.102\webapps\ROOT] has finished in [31] ms
10-Mar-2025 20:22:08.634 INFO [main] org.apache.coyote.AbstractProtocol.start Starting ProtocolHandler ["http-nio-8080"]
10-Mar-2025 20:22:08.674 INFO [main] org.apache.catalina.startup.Catalina.start Server startup in [1009] milliseconds
10-Mar-2025 20:23:41.201 INFO [main] org.apache.catalina.core.StandardServer.await A valid shutdown command was received via the shutdown port. Stopping the Server instance.
10-Mar-2025 20:28:57.405 INFO [main] org.apache.catalina.startup.VersionLoggerListener.log Server version name:   Apache Tomcat/9.0.102
10-Mar-2025 20:28:57.408 INFO [main] org.apache.catalina.startup.VersionLoggerListener.log Server built:          Mar 3 2025 19:33:14 UTC
10-Mar-2025 20:28:57.408 INFO [main] org.apache.catalina.startup.VersionLoggerListener.log Server version number: 9.0.102.0
10-Mar-2025 20:28:57.408 INFO [main] org.apache.catalina.startup.VersionLoggerListener.log OS Name:               Windows 10
10-Mar-2025 20:28:57.409 INFO [main] org.apache.catalina.startup.VersionLoggerListener.log OS Version:            10.0
10-Mar-2025 20:28:57.409 INFO [main] org.apache.catalina.startup.VersionLoggerListener.log Architecture:          amd64
10-Mar-2025 20:28:57.409 INFO [main] org.apache.catalina.startup.VersionLoggerListener.log Java Home:             C:\Program Files\Java\jdk-17
10-Mar-2025 20:28:57.409 INFO [main] org.apache.catalina.startup.VersionLoggerListener.log JVM Version:           17.0.13+10-LTS-268
10-Mar-2025 20:28:57.409 INFO [main] org.apache.catalina.startup.VersionLoggerListener.log JVM Vendor:            Oracle Corporation
10-Mar-2025 20:28:57.409 INFO [main] org.apache.catalina.startup.VersionLoggerListener.log CATALINA_BASE:         C:\Users\Nicholas\Documents\GitHub\Tarefas-ebac-Nicholas\Mod-39\apache-tomcat-9.0.102
10-Mar-2025 20:28:57.410 INFO [main] org.apache.catalina.startup.VersionLoggerListener.log CATALINA_HOME:         C:\Users\Nicholas\Documents\GitHub\Tarefas-ebac-Nicholas\Mod-39\apache-tomcat-9.0.102
10-Mar-2025 20:28:57.421 INFO [main] org.apache.catalina.startup.VersionLoggerListener.log Command line argument: --add-opens=java.base/java.lang=ALL-UNNAMED
10-Mar-2025 20:28:57.421 INFO [main] org.apache.catalina.startup.VersionLoggerListener.log Command line argument: --add-opens=java.base/java.lang.invoke=ALL-UNNAMED
10-Mar-2025 20:28:57.421 INFO [main] org.apache.catalina.startup.VersionLoggerListener.log Command line argument: --add-opens=java.base/java.lang.reflect=ALL-UNNAMED
10-Mar-2025 20:28:57.422 INFO [main] org.apache.catalina.startup.VersionLoggerListener.log Command line argument: --add-opens=java.base/java.io=ALL-UNNAMED
10-Mar-2025 20:28:57.422 INFO [main] org.apache.catalina.startup.VersionLoggerListener.log Command line argument: --add-opens=java.base/java.util=ALL-UNNAMED
10-Mar-2025 20:28:57.423 INFO [main] org.apache.catalina.startup.VersionLoggerListener.log Command line argument: --add-opens=java.base/java.util.concurrent=ALL-UNNAMED
10-Mar-2025 20:28:57.423 INFO [main] org.apache.catalina.startup.VersionLoggerListener.log Command line argument: --add-opens=java.rmi/sun.rmi.transport=ALL-UNNAMED
10-Mar-2025 20:28:57.423 INFO [main] org.apache.catalina.startup.VersionLoggerListener.log Command line argument: -Djava.util.logging.config.file=C:\Users\Nicholas\Documents\GitHub\Tarefas-ebac-Nicholas\Mod-39\apache-tomcat-9.0.102\conf\logging.properties
10-Mar-2025 20:28:57.424 INFO [main] org.apache.catalina.startup.VersionLoggerListener.log Command line argument: -Djava.util.logging.manager=org.apache.juli.ClassLoaderLogManager
10-Mar-2025 20:28:57.424 INFO [main] org.apache.catalina.startup.VersionLoggerListener.log Command line argument: -Djdk.tls.ephemeralDHKeySize=2048
10-Mar-2025 20:28:57.425 INFO [main] org.apache.catalina.startup.VersionLoggerListener.log Command line argument: -Djava.protocol.handler.pkgs=org.apache.catalina.webresources
10-Mar-2025 20:28:57.425 INFO [main] org.apache.catalina.startup.VersionLoggerListener.log Command line argument: -Dsun.io.useCanonCaches=false
10-Mar-2025 20:28:57.425 INFO [main] org.apache.catalina.startup.VersionLoggerListener.log Command line argument: -Dignore.endorsed.dirs=
10-Mar-2025 20:28:57.426 INFO [main] org.apache.catalina.startup.VersionLoggerListener.log Command line argument: -Dcatalina.base=C:\Users\Nicholas\Documents\GitHub\Tarefas-ebac-Nicholas\Mod-39\apache-tomcat-9.0.102
10-Mar-2025 20:28:57.426 INFO [main] org.apache.catalina.startup.VersionLoggerListener.log Command line argument: -Dcatalina.home=C:\Users\Nicholas\Documents\GitHub\Tarefas-ebac-Nicholas\Mod-39\apache-tomcat-9.0.102
10-Mar-2025 20:28:57.427 INFO [main] org.apache.catalina.startup.VersionLoggerListener.log Command line argument: -Djava.io.tmpdir=C:\Users\Nicholas\Documents\GitHub\Tarefas-ebac-Nicholas\Mod-39\apache-tomcat-9.0.102\temp
10-Mar-2025 20:28:57.442 INFO [main] org.apache.catalina.core.AprLifecycleListener.lifecycleEvent The Apache Tomcat Native library which allows using OpenSSL was not found on the java.library.path: [C:\Program Files\Java\jdk-17\bin;C:\Windows\Sun\Java\bin;C:\Windows\system32;C:\Windows;C:\Program Files\Common Files\Oracle\Java\javapath;C:\Program Files (x86)\Common Files\Oracle\Java\java8path;C:\Program Files (x86)\Common Files\Oracle\Java\javapath;C:\Python312\Scripts\;C:\Python312\;C:\Windows\system32;C:\Windows;C:\Windows\System32\Wbem;C:\Windows\System32\WindowsPowerShell\v1.0\;C:\Windows\System32\OpenSSH\;C:\Program Files\nodejs\;C:\ProgramData\chocolatey\bin;C:\Program Files\Git\cmd;C:\Users\Nicholas\AppData\Roaming\Python\Python312\Scripts;C:\Python312\Lib;C:\Program Files\Microsoft SQL Server\150\Tools\Binn\;C:\Program Files\Microsoft SQL Server\Client SDK\ODBC\170\Tools\Binn\;C:\Program Files\dotnet\;C:\Program Files (x86)\Windows Kits\10\Windows Performance Toolkit\;C:\Program Files\7-Zip;C:\Program Files (x86)\NVIDIA Corporation\PhysX\Common;C:\Program Files\Java\jdk-23\bin;C:\Program Files\Java\jdk-21\bin;C:\Program Files\Docker\Docker\resources\bin;C:\apache-maven-3.9.9\bin;C:\Program Files\Java\jdk-15\bin;C:\Program Files\Java\jdk-17\bin;C:\Users\Nicholas\AppData\Local\Microsoft\WindowsApps;C:\Users\Nicholas\AppData\Roaming\npm;C:\Users\Nicholas\AppData\Local\GitHubDesktop\bin;C:\Users\Nicholas\AppData\Local\Programs\Microsoft VS Code\bin;C:\Users\Nicholas\.dotnet\tools;C:\Program Files\heroku\bin;.]
10-Mar-2025 20:28:57.674 INFO [main] org.apache.coyote.AbstractProtocol.init Initializing ProtocolHandler ["http-nio-8080"]
10-Mar-2025 20:28:57.692 INFO [main] org.apache.catalina.startup.Catalina.load Server initialization in [473] milliseconds
10-Mar-2025 20:28:57.730 INFO [main] org.apache.catalina.core.StandardService.startInternal Starting service [Catalina]
10-Mar-2025 20:28:57.730 INFO [main] org.apache.catalina.core.StandardEngine.startInternal Starting Servlet engine: [Apache Tomcat/9.0.102]
10-Mar-2025 20:28:57.739 INFO [main] org.apache.catalina.startup.HostConfig.deployDirectory Diretório de instalação da aplicação web [C:\Users\Nicholas\Documents\GitHub\Tarefas-ebac-Nicholas\Mod-39\apache-tomcat-9.0.102\webapps\docs]
10-Mar-2025 20:28:58.042 INFO [main] org.apache.catalina.startup.HostConfig.deployDirectory Deployment of web application directory [C:\Users\Nicholas\Documents\GitHub\Tarefas-ebac-Nicholas\Mod-39\apache-tomcat-9.0.102\webapps\docs] has finished in [301] ms
10-Mar-2025 20:28:58.042 INFO [main] org.apache.catalina.startup.HostConfig.deployDirectory Diretório de instalação da aplicação web [C:\Users\Nicholas\Documents\GitHub\Tarefas-ebac-Nicholas\Mod-39\apache-tomcat-9.0.102\webapps\examples]
10-Mar-2025 20:28:58.615 INFO [main] org.apache.catalina.startup.HostConfig.deployDirectory Deployment of web application directory [C:\Users\Nicholas\Documents\GitHub\Tarefas-ebac-Nicholas\Mod-39\apache-tomcat-9.0.102\webapps\examples] has finished in [573] ms
10-Mar-2025 20:28:58.616 INFO [main] org.apache.catalina.startup.HostConfig.deployDirectory Diretório de instalação da aplicação web [C:\Users\Nicholas\Documents\GitHub\Tarefas-ebac-Nicholas\Mod-39\apache-tomcat-9.0.102\webapps\host-manager]
10-Mar-2025 20:28:58.660 INFO [main] org.apache.catalina.startup.HostConfig.deployDirectory Deployment of web application directory [C:\Users\Nicholas\Documents\GitHub\Tarefas-ebac-Nicholas\Mod-39\apache-tomcat-9.0.102\webapps\host-manager] has finished in [44] ms
10-Mar-2025 20:28:58.661 INFO [main] org.apache.catalina.startup.HostConfig.deployDirectory Diretório de instalação da aplicação web [C:\Users\Nicholas\Documents\GitHub\Tarefas-ebac-Nicholas\Mod-39\apache-tomcat-9.0.102\webapps\manager]
10-Mar-2025 20:28:58.707 INFO [main] org.apache.catalina.startup.HostConfig.deployDirectory Deployment of web application directory [C:\Users\Nicholas\Documents\GitHub\Tarefas-ebac-Nicholas\Mod-39\apache-tomcat-9.0.102\webapps\manager] has finished in [46] ms
10-Mar-2025 20:28:58.707 INFO [main] org.apache.catalina.startup.HostConfig.deployDirectory Diretório de instalação da aplicação web [C:\Users\Nicholas\Documents\GitHub\Tarefas-ebac-Nicholas\Mod-39\apache-tomcat-9.0.102\webapps\ROOT]
10-Mar-2025 20:28:58.739 INFO [main] org.apache.catalina.startup.HostConfig.deployDirectory Deployment of web application directory [C:\Users\Nicholas\Documents\GitHub\Tarefas-ebac-Nicholas\Mod-39\apache-tomcat-9.0.102\webapps\ROOT] has finished in [32] ms
10-Mar-2025 20:28:58.744 INFO [main] org.apache.coyote.AbstractProtocol.start Starting ProtocolHandler ["http-nio-8080"]
10-Mar-2025 20:28:58.783 INFO [main] org.apache.catalina.startup.Catalina.start Server startup in [1090] milliseconds
10-Mar-2025 20:33:01.713 INFO [http-nio-8080-exec-4] org.apache.catalina.startup.HostConfig.deployWAR Deploying web application archive [C:\Users\Nicholas\Documents\GitHub\Tarefas-ebac-Nicholas\Mod-39\apache-tomcat-9.0.102\webapps\test.war]
10-Mar-2025 20:33:01.773 INFO [http-nio-8080-exec-4] org.apache.catalina.startup.HostConfig.deployWAR Deployment of web application archive [C:\Users\Nicholas\Documents\GitHub\Tarefas-ebac-Nicholas\Mod-39\apache-tomcat-9.0.102\webapps\test.war] has finished in [59] ms
10-Mar-2025 20:37:59.927 INFO [main] org.apache.catalina.core.StandardServer.await A valid shutdown command was received via the shutdown port. Stopping the Server instance.
10-Mar-2025 20:37:59.927 INFO [main] org.apache.coyote.AbstractProtocol.pause Pausing ProtocolHandler ["http-nio-8080"]
10-Mar-2025 20:38:00.009 INFO [main] org.apache.catalina.core.StandardService.stopInternal Stopping service [Catalina]
10-Mar-2025 20:38:00.034 INFO [main] org.apache.coyote.AbstractProtocol.stop Stopping ProtocolHandler ["http-nio-8080"]
10-Mar-2025 20:38:00.042 INFO [main] org.apache.coyote.AbstractProtocol.destroy Destroying ProtocolHandler ["http-nio-8080"]
10-Mar-2025 21:00:22.151 INFO [main] org.apache.catalina.startup.VersionLoggerListener.log Server version name:   Apache Tomcat/9.0.102
10-Mar-2025 21:00:22.155 INFO [main] org.apache.catalina.startup.VersionLoggerListener.log Server built:          Mar 3 2025 19:33:14 UTC
10-Mar-2025 21:00:22.155 INFO [main] org.apache.catalina.startup.VersionLoggerListener.log Server version number: 9.0.102.0
10-Mar-2025 21:00:22.155 INFO [main] org.apache.catalina.startup.VersionLoggerListener.log OS Name:               Windows 10
10-Mar-2025 21:00:22.155 INFO [main] org.apache.catalina.startup.VersionLoggerListener.log OS Version:            10.0
10-Mar-2025 21:00:22.155 INFO [main] org.apache.catalina.startup.VersionLoggerListener.log Architecture:          amd64
10-Mar-2025 21:00:22.156 INFO [main] org.apache.catalina.startup.VersionLoggerListener.log Java Home:             C:\Program Files\Java\jdk-17
10-Mar-2025 21:00:22.156 INFO [main] org.apache.catalina.startup.VersionLoggerListener.log JVM Version:           17.0.13+10-LTS-268
10-Mar-2025 21:00:22.156 INFO [main] org.apache.catalina.startup.VersionLoggerListener.log JVM Vendor:            Oracle Corporation
10-Mar-2025 21:00:22.156 INFO [main] org.apache.catalina.startup.VersionLoggerListener.log CATALINA_BASE:         C:\Users\Nicholas\Documents\GitHub\Tarefas-ebac-Nicholas\Mod-39\apache-tomcat-9.0.102
10-Mar-2025 21:00:22.156 INFO [main] org.apache.catalina.startup.VersionLoggerListener.log CATALINA_HOME:         C:\Users\Nicholas\Documents\GitHub\Tarefas-ebac-Nicholas\Mod-39\apache-tomcat-9.0.102
10-Mar-2025 21:00:22.165 INFO [main] org.apache.catalina.startup.VersionLoggerListener.log Command line argument: --add-opens=java.base/java.lang=ALL-UNNAMED
10-Mar-2025 21:00:22.165 INFO [main] org.apache.catalina.startup.VersionLoggerListener.log Command line argument: --add-opens=java.base/java.lang.invoke=ALL-UNNAMED
10-Mar-2025 21:00:22.166 INFO [main] org.apache.catalina.startup.VersionLoggerListener.log Command line argument: --add-opens=java.base/java.lang.reflect=ALL-UNNAMED
10-Mar-2025 21:00:22.166 INFO [main] org.apache.catalina.startup.VersionLoggerListener.log Command line argument: --add-opens=java.base/java.io=ALL-UNNAMED
10-Mar-2025 21:00:22.166 INFO [main] org.apache.catalina.startup.VersionLoggerListener.log Command line argument: --add-opens=java.base/java.util=ALL-UNNAMED
10-Mar-2025 21:00:22.167 INFO [main] org.apache.catalina.startup.VersionLoggerListener.log Command line argument: --add-opens=java.base/java.util.concurrent=ALL-UNNAMED
10-Mar-2025 21:00:22.167 INFO [main] org.apache.catalina.startup.VersionLoggerListener.log Command line argument: --add-opens=java.rmi/sun.rmi.transport=ALL-UNNAMED
10-Mar-2025 21:00:22.167 INFO [main] org.apache.catalina.startup.VersionLoggerListener.log Command line argument: -Djava.util.logging.config.file=C:\Users\Nicholas\Documents\GitHub\Tarefas-ebac-Nicholas\Mod-39\apache-tomcat-9.0.102\conf\logging.properties
10-Mar-2025 21:00:22.168 INFO [main] org.apache.catalina.startup.VersionLoggerListener.log Command line argument: -Djava.util.logging.manager=org.apache.juli.ClassLoaderLogManager
10-Mar-2025 21:00:22.170 INFO [main] org.apache.catalina.startup.VersionLoggerListener.log Command line argument: -Djdk.tls.ephemeralDHKeySize=2048
10-Mar-2025 21:00:22.170 INFO [main] org.apache.catalina.startup.VersionLoggerListener.log Command line argument: -Djava.protocol.handler.pkgs=org.apache.catalina.webresources
10-Mar-2025 21:00:22.170 INFO [main] org.apache.catalina.startup.VersionLoggerListener.log Command line argument: -Dsun.io.useCanonCaches=false
10-Mar-2025 21:00:22.171 INFO [main] org.apache.catalina.startup.VersionLoggerListener.log Command line argument: -Dignore.endorsed.dirs=
10-Mar-2025 21:00:22.171 INFO [main] org.apache.catalina.startup.VersionLoggerListener.log Command line argument: -Dcatalina.base=C:\Users\Nicholas\Documents\GitHub\Tarefas-ebac-Nicholas\Mod-39\apache-tomcat-9.0.102
10-Mar-2025 21:00:22.172 INFO [main] org.apache.catalina.startup.VersionLoggerListener.log Command line argument: -Dcatalina.home=C:\Users\Nicholas\Documents\GitHub\Tarefas-ebac-Nicholas\Mod-39\apache-tomcat-9.0.102
10-Mar-2025 21:00:22.172 INFO [main] org.apache.catalina.startup.VersionLoggerListener.log Command line argument: -Djava.io.tmpdir=C:\Users\Nicholas\Documents\GitHub\Tarefas-ebac-Nicholas\Mod-39\apache-tomcat-9.0.102\temp
10-Mar-2025 21:00:22.186 INFO [main] org.apache.catalina.core.AprLifecycleListener.lifecycleEvent The Apache Tomcat Native library which allows using OpenSSL was not found on the java.library.path: [C:\Program Files\Java\jdk-17\bin;C:\Windows\Sun\Java\bin;C:\Windows\system32;C:\Windows;C:\Program Files\Common Files\Oracle\Java\javapath;C:\Program Files (x86)\Common Files\Oracle\Java\java8path;C:\Program Files (x86)\Common Files\Oracle\Java\javapath;C:\Python312\Scripts\;C:\Python312\;C:\Windows\system32;C:\Windows;C:\Windows\System32\Wbem;C:\Windows\System32\WindowsPowerShell\v1.0\;C:\Windows\System32\OpenSSH\;C:\Program Files\nodejs\;C:\ProgramData\chocolatey\bin;C:\Program Files\Git\cmd;C:\Users\Nicholas\AppData\Roaming\Python\Python312\Scripts;C:\Python312\Lib;C:\Program Files\Microsoft SQL Server\150\Tools\Binn\;C:\Program Files\Microsoft SQL Server\Client SDK\ODBC\170\Tools\Binn\;C:\Program Files\dotnet\;C:\Program Files (x86)\Windows Kits\10\Windows Performance Toolkit\;C:\Program Files\7-Zip;C:\Program Files (x86)\NVIDIA Corporation\PhysX\Common;C:\Program Files\Java\jdk-23\bin;C:\Program Files\Java\jdk-21\bin;C:\Program Files\Docker\Docker\resources\bin;C:\apache-maven-3.9.9\bin;C:\Program Files\Java\jdk-15\bin;C:\Program Files\Java\jdk-17\bin;C:\Users\Nicholas\AppData\Local\Microsoft\WindowsApps;C:\Users\Nicholas\AppData\Roaming\npm;C:\Users\Nicholas\AppData\Local\GitHubDesktop\bin;C:\Users\Nicholas\AppData\Local\Programs\Microsoft VS Code\bin;C:\Users\Nicholas\.dotnet\tools;C:\Program Files\heroku\bin;.]
10-Mar-2025 21:00:22.419 INFO [main] org.apache.coyote.AbstractProtocol.init Initializing ProtocolHandler ["http-nio-8080"]
10-Mar-2025 21:00:22.437 INFO [main] org.apache.catalina.startup.Catalina.load Server initialization in [462] milliseconds
10-Mar-2025 21:00:22.477 INFO [main] org.apache.catalina.core.StandardService.startInternal Starting service [Catalina]
10-Mar-2025 21:00:22.478 INFO [main] org.apache.catalina.core.StandardEngine.startInternal Starting Servlet engine: [Apache Tomcat/9.0.102]
10-Mar-2025 21:00:22.495 INFO [main] org.apache.catalina.startup.HostConfig.deployWAR Deploying web application archive [C:\Users\Nicholas\Documents\GitHub\Tarefas-ebac-Nicholas\Mod-39\apache-tomcat-9.0.102\webapps\test.war]
10-Mar-2025 21:00:22.809 INFO [main] org.apache.catalina.startup.HostConfig.deployWAR Deployment of web application archive [C:\Users\Nicholas\Documents\GitHub\Tarefas-ebac-Nicholas\Mod-39\apache-tomcat-9.0.102\webapps\test.war] has finished in [313] ms
10-Mar-2025 21:00:22.810 INFO [main] org.apache.catalina.startup.HostConfig.deployDirectory Diretório de instalação da aplicação web [C:\Users\Nicholas\Documents\GitHub\Tarefas-ebac-Nicholas\Mod-39\apache-tomcat-9.0.102\webapps\docs]
10-Mar-2025 21:00:22.854 INFO [main] org.apache.catalina.startup.HostConfig.deployDirectory Deployment of web application directory [C:\Users\Nicholas\Documents\GitHub\Tarefas-ebac-Nicholas\Mod-39\apache-tomcat-9.0.102\webapps\docs] has finished in [44] ms
10-Mar-2025 21:00:22.855 INFO [main] org.apache.catalina.startup.HostConfig.deployDirectory Diretório de instalação da aplicação web [C:\Users\Nicholas\Documents\GitHub\Tarefas-ebac-Nicholas\Mod-39\apache-tomcat-9.0.102\webapps\examples]
10-Mar-2025 21:00:23.391 INFO [main] org.apache.catalina.startup.HostConfig.deployDirectory Deployment of web application directory [C:\Users\Nicholas\Documents\GitHub\Tarefas-ebac-Nicholas\Mod-39\apache-tomcat-9.0.102\webapps\examples] has finished in [536] ms
10-Mar-2025 21:00:23.392 INFO [main] org.apache.catalina.startup.HostConfig.deployDirectory Diretório de instalação da aplicação web [C:\Users\Nicholas\Documents\GitHub\Tarefas-ebac-Nicholas\Mod-39\apache-tomcat-9.0.102\webapps\host-manager]
10-Mar-2025 21:00:23.436 INFO [main] org.apache.catalina.startup.HostConfig.deployDirectory Deployment of web application directory [C:\Users\Nicholas\Documents\GitHub\Tarefas-ebac-Nicholas\Mod-39\apache-tomcat-9.0.102\webapps\host-manager] has finished in [44] ms
10-Mar-2025 21:00:23.437 INFO [main] org.apache.catalina.startup.HostConfig.deployDirectory Diretório de instalação da aplicação web [C:\Users\Nicholas\Documents\GitHub\Tarefas-ebac-Nicholas\Mod-39\apache-tomcat-9.0.102\webapps\manager]
10-Mar-2025 21:00:23.488 INFO [main] org.apache.catalina.startup.HostConfig.deployDirectory Deployment of web application directory [C:\Users\Nicholas\Documents\GitHub\Tarefas-ebac-Nicholas\Mod-39\apache-tomcat-9.0.102\webapps\manager] has finished in [52] ms
10-Mar-2025 21:00:23.489 INFO [main] org.apache.catalina.startup.HostConfig.deployDirectory Diretório de instalação da aplicação web [C:\Users\Nicholas\Documents\GitHub\Tarefas-ebac-Nicholas\Mod-39\apache-tomcat-9.0.102\webapps\ROOT]
10-Mar-2025 21:00:23.521 INFO [main] org.apache.catalina.startup.HostConfig.deployDirectory Deployment of web application directory [C:\Users\Nicholas\Documents\GitHub\Tarefas-ebac-Nicholas\Mod-39\apache-tomcat-9.0.102\webapps\ROOT] has finished in [32] ms
10-Mar-2025 21:00:23.525 INFO [main] org.apache.coyote.AbstractProtocol.start Starting ProtocolHandler ["http-nio-8080"]
10-Mar-2025 21:00:23.564 INFO [main] org.apache.catalina.startup.Catalina.start Server startup in [1126] milliseconds
10-Mar-2025 21:01:06.857 INFO [http-nio-8080-exec-8] org.apache.catalina.startup.HostConfig.undeploy Undeploying context [/test]
10-Mar-2025 21:01:29.031 INFO [http-nio-8080-exec-7] org.apache.catalina.startup.HostConfig.deployWAR Deploying web application archive [C:\Users\Nicholas\Documents\GitHub\Tarefas-ebac-Nicholas\Mod-39\apache-tomcat-9.0.102\webapps\test.war]
10-Mar-2025 21:01:29.083 INFO [http-nio-8080-exec-7] org.apache.catalina.startup.HostConfig.deployWAR Deployment of web application archive [C:\Users\Nicholas\Documents\GitHub\Tarefas-ebac-Nicholas\Mod-39\apache-tomcat-9.0.102\webapps\test.war] has finished in [51] ms
10-Mar-2025 21:04:09.752 INFO [main] org.apache.catalina.core.StandardServer.await A valid shutdown command was received via the shutdown port. Stopping the Server instance.
10-Mar-2025 21:04:09.753 INFO [main] org.apache.coyote.AbstractProtocol.pause Pausing ProtocolHandler ["http-nio-8080"]
10-Mar-2025 21:04:09.781 INFO [main] org.apache.catalina.core.StandardService.stopInternal Stopping service [Catalina]
10-Mar-2025 21:04:09.791 INFO [main] org.apache.coyote.AbstractProtocol.stop Stopping ProtocolHandler ["http-nio-8080"]
10-Mar-2025 21:04:09.794 INFO [main] org.apache.coyote.AbstractProtocol.destroy Destroying ProtocolHandler ["http-nio-8080"]
